[coderthemes.com/greeva/layouts/vertical/layouts-dark-sidebar.html]
[backblue.gif]
[fade.gif]
[index.html]
[coderthemes.com/greeva/layouts/vertical/assets/images/favicon.ico]
[coderthemes.com/greeva/layouts/vertical/assets/libs/jqvmap/jqvmap.min.css]
[coderthemes.com/greeva/layouts/vertical/assets/libs/datatables/dataTables.bootstrap4.min.css]
[coderthemes.com/greeva/layouts/vertical/assets/libs/datatables/responsive.bootstrap4.min.css]
[coderthemes.com/greeva/layouts/vertical/assets/css/bootstrap.min.css]
[coderthemes.com/greeva/layouts/vertical/assets/css/icons.min.css]
[coderthemes.com/greeva/layouts/vertical/assets/css/app.min.css]
[coderthemes.com/greeva/layouts/vertical/assets/images/flags/us.jpg]
[coderthemes.com/greeva/layouts/vertical/assets/images/flags/germany.jpg]
[coderthemes.com/greeva/layouts/vertical/assets/images/flags/italy.jpg]
[coderthemes.com/greeva/layouts/vertical/assets/images/flags/spain.jpg]
[coderthemes.com/greeva/layouts/vertical/assets/images/flags/russia.jpg]
[coderthemes.com/greeva/layouts/vertical/assets/images/users/avatar-2.jpg]
[coderthemes.com/greeva/layouts/vertical/assets/images/users/avatar-4.jpg]
[coderthemes.com/greeva/layouts/vertical/index.html]
[coderthemes.com/greeva/layouts/vertical/assets/images/logo-light.png]
[coderthemes.com/greeva/layouts/vertical/assets/images/logo-sm.png]
[coderthemes.com/greeva/layouts/vertical/email-inbox.html]
[coderthemes.com/greeva/layouts/vertical/email-read.html]
[coderthemes.com/greeva/layouts/vertical/email-compose.html]
[coderthemes.com/greeva/layouts/vertical/calendar.html]
[coderthemes.com/greeva/layouts/vertical/ui-buttons.html]
[coderthemes.com/greeva/layouts/vertical/ui-modals.html]
[coderthemes.com/greeva/layouts/vertical/ui-tabs.html]
[coderthemes.com/greeva/layouts/vertical/ui-notifications.html]
[coderthemes.com/greeva/layouts/vertical/ui-cards.html]
[coderthemes.com/greeva/layouts/vertical/ui-grid.html]
[coderthemes.com/greeva/layouts/vertical/ui-general.html]
[coderthemes.com/greeva/layouts/vertical/ui-typography.html]
[coderthemes.com/greeva/layouts/vertical/ui-checkbox-radio.html]
[coderthemes.com/greeva/layouts/vertical/ui-progress.html]
[coderthemes.com/greeva/layouts/vertical/ui-sweetalerts.html]
[coderthemes.com/greeva/layouts/vertical/ui-range-slider.html]
[coderthemes.com/greeva/layouts/vertical/ui-ribbons.html]
[coderthemes.com/greeva/layouts/vertical/chart-flot.html]
[coderthemes.com/greeva/layouts/vertical/chart-chartist.html]
[coderthemes.com/greeva/layouts/vertical/chart-chartjs.html]
[coderthemes.com/greeva/layouts/vertical/chart-knob.html]
[coderthemes.com/greeva/layouts/vertical/chart-sparkline.html]
[coderthemes.com/greeva/layouts/vertical/form-elements.html]
[coderthemes.com/greeva/layouts/vertical/form-advanced.html]
[coderthemes.com/greeva/layouts/vertical/form-validation.html]
[coderthemes.com/greeva/layouts/vertical/form-wizard.html]
[coderthemes.com/greeva/layouts/vertical/form-summernote.html]
[coderthemes.com/greeva/layouts/vertical/form-upload.html]
[coderthemes.com/greeva/layouts/vertical/tables-basic.html]
[coderthemes.com/greeva/layouts/vertical/tables-datatable.html]
[coderthemes.com/greeva/layouts/vertical/tables-responsive.html]
[coderthemes.com/greeva/layouts/vertical/maps-google.html]
[coderthemes.com/greeva/layouts/vertical/maps-vector.html]
[coderthemes.com/greeva/layouts/vertical/icons-materialdesign.html]
[coderthemes.com/greeva/layouts/vertical/icons-simpleline.html]
[coderthemes.com/greeva/layouts/vertical/icons-dripicons.html]
[coderthemes.com/greeva/layouts/vertical/layouts-small-sidebar.html]
[coderthemes.com/greeva/layouts/vertical/layouts-sidebar-collapsed.html]
[coderthemes.com/greeva/layouts/vertical/layouts-boxed.html]
[coderthemes.com/greeva/layouts/vertical/auth-login.html]
[coderthemes.com/greeva/layouts/vertical/auth-register.html]
[coderthemes.com/greeva/layouts/vertical/auth-recoverpassword.html]
[coderthemes.com/greeva/layouts/vertical/auth-lock-screen.html]
[coderthemes.com/greeva/layouts/vertical/auth-404.html]
[coderthemes.com/greeva/layouts/vertical/auth-500.html]
[coderthemes.com/greeva/layouts/vertical/pages-invoice.html]
[coderthemes.com/greeva/layouts/vertical/pages-pricing.html]
[coderthemes.com/greeva/layouts/vertical/pages-starter.html]
[coderthemes.com/greeva/layouts/vertical/pages-timeline.html]
[coderthemes.com/greeva/layouts/vertical/pages-faq.html]
[coderthemes.com/greeva/layouts/vertical/assets/images/cards/visa.png]
[coderthemes.com/greeva/layouts/vertical/assets/images/cards/master.png]
[coderthemes.com/greeva/layouts/vertical/assets/images/cards/american-express.png]
[coderthemes.com/greeva/layouts/vertical/assets/images/users/avatar-3.jpg]
[coderthemes.com/greeva/layouts/vertical/assets/images/users/avatar-1.jpg]
[coderthemes.com/greeva/layouts/vertical/assets/images/cards/amazon.png]
[coderthemes.com/greeva/layouts/vertical/assets/images/users/avatar-5.jpg]
[coderthemes.com/greeva/layouts/vertical/assets/images/cards/discover.png]
[coderthemes.com/greeva/layouts/vertical/assets/images/users/avatar-6.jpg]
[coderthemes.com/greeva/layouts/vertical/assets/images/users/avatar-7.jpg]
[coderthemes.com/greeva/layouts/vertical/assets/images/users/avatar-8.jpg]
[coderthemes.com/greeva/layouts/vertical/assets/images/users/avatar-9.jpg]
[coderthemes.com/greeva/layouts/vertical/assets/images/users/avatar-10.jpg]
[coderthemes.com/greeva/layouts/vertical/assets/js/vendor.min.js]
[coderthemes.com/greeva/layouts/vertical/assets/libs/jquery-knob/jquery.knob.min.js]
[coderthemes.com/greeva/layouts/vertical/assets/libs/chart-js/Chart.bundle.min.js]
[coderthemes.com/greeva/layouts/vertical/assets/libs/jqvmap/jquery.vmap.min.js]
[coderthemes.com/greeva/layouts/vertical/assets/libs/jqvmap/jquery.vmap.usa.js]
[coderthemes.com/greeva/layouts/vertical/assets/libs/datatables/jquery.dataTables.min.js]
[coderthemes.com/greeva/layouts/vertical/assets/libs/datatables/dataTables.bootstrap4.min.js]
[coderthemes.com/greeva/layouts/vertical/assets/libs/datatables/dataTables.responsive.min.js]
[coderthemes.com/greeva/layouts/vertical/assets/libs/datatables/responsive.bootstrap4.min.js]
[coderthemes.com/greeva/layouts/vertical/assets/js/pages/dashboard.init.js]
[coderthemes.com/greeva/layouts/vertical/layouts-dark-sidebar.html]
[coderthemes.com/greeva/layouts/vertical/assets/libs/jqvmap/jqvmap.min.css]
[coderthemes.com/greeva/layouts/vertical/assets/libs/datatables/dataTables.bootstrap4.min.css]
[coderthemes.com/greeva/layouts/vertical/assets/libs/datatables/responsive.bootstrap4.min.css]
[coderthemes.com/greeva/layouts/vertical/assets/css/bootstrap.min.css]
[coderthemes.com/greeva/layouts/vertical/assets/js/app.min.js]
[coderthemes.com/greeva/layouts/vertical/assets/fonts/materialdesignicons-webfontbd7d.eot]
[coderthemes.com/greeva/layouts/vertical/assets/fonts/materialdesignicons-webfontd41d.eot]
[coderthemes.com/greeva/layouts/vertical/assets/fonts/materialdesignicons-webfontbd7d.woff2]
[coderthemes.com/greeva/layouts/vertical/assets/fonts/materialdesignicons-webfontbd7d.woff]
[coderthemes.com/greeva/layouts/vertical/assets/fonts/materialdesignicons-webfontbd7d.ttf]
[coderthemes.com/greeva/layouts/vertical/assets/fonts/feathere8ab.eot]
[coderthemes.com/greeva/layouts/vertical/assets/fonts/feathere8ab.woff]
[coderthemes.com/greeva/layouts/vertical/assets/fonts/materialdesignicons-webfontbd7d.svg]
[coderthemes.com/greeva/layouts/vertical/assets/fonts/feathere8ab.ttf]
[coderthemes.com/greeva/layouts/vertical/assets/fonts/feathere8ab.svg]
[coderthemes.com/greeva/layouts/vertical/assets/fonts/Simple-Line-Iconsb26c.eot]
[coderthemes.com/greeva/layouts/vertical/assets/fonts/Simple-Line-Iconsb26c.woff2]
[coderthemes.com/greeva/layouts/vertical/assets/fonts/Simple-Line-Iconsb26c.ttf]
[coderthemes.com/greeva/layouts/vertical/assets/fonts/Simple-Line-Iconsb26c.woff]
[coderthemes.com/greeva/layouts/vertical/assets/fonts/Simple-Line-Iconsb26c.svg]
[coderthemes.com/greeva/layouts/vertical/assets/fonts/fa-brands-400.eot]
[coderthemes.com/greeva/layouts/vertical/assets/fonts/fa-brands-400d41d.eot]
[coderthemes.com/greeva/layouts/vertical/assets/fonts/fa-brands-400.woff2]
[coderthemes.com/greeva/layouts/vertical/assets/fonts/fa-brands-400.woff]
[coderthemes.com/greeva/layouts/vertical/assets/fonts/fa-brands-400.ttf]
[coderthemes.com/greeva/layouts/vertical/assets/fonts/fa-brands-400.svg]
[coderthemes.com/greeva/layouts/vertical/assets/fonts/fa-regular-400.eot]
[coderthemes.com/greeva/layouts/vertical/assets/fonts/fa-regular-400d41d.eot]
[coderthemes.com/greeva/layouts/vertical/assets/fonts/fa-regular-400.woff2]
[coderthemes.com/greeva/layouts/vertical/assets/fonts/fa-regular-400.woff]
[coderthemes.com/greeva/layouts/vertical/assets/fonts/fa-regular-400.ttf]
[coderthemes.com/greeva/layouts/vertical/assets/fonts/fa-regular-400.svg]
[coderthemes.com/greeva/layouts/vertical/assets/fonts/fa-solid-900.eot]
[coderthemes.com/greeva/layouts/vertical/assets/fonts/fa-solid-900d41d.eot]
[coderthemes.com/greeva/layouts/vertical/assets/fonts/fa-solid-900.woff2]
[coderthemes.com/greeva/layouts/vertical/assets/fonts/fa-solid-900.woff]
[coderthemes.com/greeva/layouts/vertical/assets/fonts/fa-solid-900.ttf]
[coderthemes.com/greeva/layouts/vertical/assets/fonts/fa-solid-900.svg]
[coderthemes.com/greeva/layouts/vertical/assets/fonts/line-awesomeeb4f.eot]
[coderthemes.com/greeva/layouts/vertical/assets/fonts/line-awesome0176.eot]
[coderthemes.com/greeva/layouts/vertical/assets/fonts/line-awesomeeb4f.woff2]
[coderthemes.com/greeva/layouts/vertical/assets/fonts/line-awesomeeb4f.woff]
[coderthemes.com/greeva/layouts/vertical/assets/fonts/line-awesomeeb4f.ttf]
[coderthemes.com/greeva/layouts/vertical/assets/fonts/line-awesomeeb4f.svg]
[coderthemes.com/greeva/layouts/vertical/assets/fonts/dripicons-v2.eot]
[coderthemes.com/greeva/layouts/vertical/assets/fonts/dripicons-v2d41d.eot]
[coderthemes.com/greeva/layouts/vertical/assets/fonts/dripicons-v2.woff]
[coderthemes.com/greeva/layouts/vertical/assets/fonts/dripicons-v2.ttf]
[coderthemes.com/greeva/layouts/vertical/assets/css/icons.min.css]
[coderthemes.com/greeva/layouts/vertical/assets/css/app.min.css]
[coderthemes.com/greeva/layouts/vertical/index.html]
[coderthemes.com/greeva/layouts/vertical/email-inbox.html]
[coderthemes.com/greeva/layouts/vertical/assets/fonts/dripicons-v2.svg]
[coderthemes.com/greeva/layouts/vertical/assets/libs/summernote/summernote-bs4.css]
[coderthemes.com/greeva/layouts/vertical/assets/images/attached-files/img-1.jpg]
[coderthemes.com/greeva/layouts/vertical/assets/images/attached-files/img-2.jpg]
[coderthemes.com/greeva/layouts/vertical/assets/images/attached-files/img-3.jpg]
[coderthemes.com/greeva/layouts/vertical/email-read.html]
[coderthemes.com/greeva/layouts/vertical/email-compose.html]
[coderthemes.com/greeva/layouts/vertical/assets/libs/summernote/summernote-bs4.min.js]
[coderthemes.com/greeva/layouts/vertical/assets/libs/fullcalendar/fullcalendar.min.css]
[coderthemes.com/greeva/layouts/vertical/assets/libs/moment/moment.min.js]
[coderthemes.com/greeva/layouts/vertical/assets/libs/jquery-ui/jquery-ui.min.js]
[coderthemes.com/greeva/layouts/vertical/assets/libs/fullcalendar/fullcalendar.min.js]
[coderthemes.com/greeva/layouts/vertical/calendar.html]
[coderthemes.com/greeva/layouts/vertical/ui-buttons.html]
[coderthemes.com/greeva/layouts/vertical/assets/js/pages/calendar.init.js]
[coderthemes.com/greeva/layouts/vertical/assets/libs/custombox/custombox.min.css]
[coderthemes.com/greeva/layouts/vertical/ui-modals.html]
[coderthemes.com/greeva/layouts/vertical/ui-tabs.html]
[coderthemes.com/greeva/layouts/vertical/assets/libs/custombox/custombox.min.js]
[coderthemes.com/greeva/layouts/vertical/assets/libs/jquery-toast/jquery.toast.min.css]
[coderthemes.com/greeva/layouts/vertical/assets/libs/jquery-toast/jquery.toast.min.js]
[coderthemes.com/greeva/layouts/vertical/ui-notifications.html]
[coderthemes.com/greeva/layouts/vertical/assets/js/pages/toastr.init.js]
[coderthemes.com/greeva/layouts/vertical/assets/images/small/img-1.jpg]
[coderthemes.com/greeva/layouts/vertical/assets/images/small/img-2.jpg]
[coderthemes.com/greeva/layouts/vertical/assets/images/small/img-3.jpg]
[coderthemes.com/greeva/layouts/vertical/assets/images/small/img-4.jpg]
[coderthemes.com/greeva/layouts/vertical/assets/images/small/img-5.jpg]
[coderthemes.com/greeva/layouts/vertical/assets/images/small/img-6.jpg]
[coderthemes.com/greeva/layouts/vertical/assets/images/small/img-7.jpg]
[coderthemes.com/greeva/layouts/vertical/ui-cards.html]
[coderthemes.com/greeva/layouts/vertical/ui-grid.html]
[coderthemes.com/greeva/layouts/vertical/ui-general.html]
[coderthemes.com/greeva/layouts/vertical/ui-typography.html]
[coderthemes.com/greeva/layouts/vertical/ui-checkbox-radio.html]
[coderthemes.com/greeva/layouts/vertical/ui-progress.html]
[coderthemes.com/greeva/layouts/vertical/assets/libs/sweetalert2/sweetalert2.min.css]
[coderthemes.com/greeva/layouts/vertical/assets/libs/sweetalert2/sweetalert2.min.js]
[coderthemes.com/greeva/layouts/vertical/ui-sweetalerts.html]
[coderthemes.com/greeva/layouts/vertical/assets/js/pages/sweet-alerts.init.js]
[coderthemes.com/greeva/layouts/vertical/assets/libs/ion-rangeslider/ion.rangeSlider.css]
[coderthemes.com/greeva/layouts/vertical/assets/libs/ion-rangeslider/ion.rangeSlider.min.js]
[coderthemes.com/greeva/layouts/vertical/ui-range-slider.html]
[coderthemes.com/greeva/layouts/vertical/ui-ribbons.html]
[coderthemes.com/greeva/layouts/vertical/assets/js/pages/range-sliders.init.js]
[coderthemes.com/greeva/layouts/vertical/assets/libs/flot-charts/jquery.flot.js]
[coderthemes.com/greeva/layouts/vertical/assets/libs/flot-charts/jquery.flot.time.js]
[coderthemes.com/greeva/layouts/vertical/assets/libs/flot-charts/jquery.flot.tooltip.min.js]
[coderthemes.com/greeva/layouts/vertical/assets/libs/flot-charts/jquery.flot.resize.js]
[coderthemes.com/greeva/layouts/vertical/assets/libs/flot-charts/jquery.flot.pie.js]
[coderthemes.com/greeva/layouts/vertical/assets/libs/flot-charts/jquery.flot.selection.js]
[coderthemes.com/greeva/layouts/vertical/assets/libs/flot-charts/jquery.flot.stack.js]
[coderthemes.com/greeva/layouts/vertical/assets/libs/flot-charts/jquery.flot.orderBars.js]
[coderthemes.com/greeva/layouts/vertical/assets/libs/flot-charts/jquery.flot.crosshair.js]
[coderthemes.com/greeva/layouts/vertical/chart-flot.html]
[coderthemes.com/greeva/layouts/vertical/assets/js/pages/flot.init.js]
[coderthemes.com/greeva/layouts/vertical/assets/libs/chartist/chartist.min.css]
[coderthemes.com/greeva/layouts/vertical/assets/libs/chartist/chartist.min.js]
[coderthemes.com/greeva/layouts/vertical/assets/libs/chartist/chartist-plugin-tooltip.min.js]
[coderthemes.com/greeva/layouts/vertical/chart-chartist.html]
[coderthemes.com/greeva/layouts/vertical/assets/js/pages/chartist.init.js]
[coderthemes.com/greeva/layouts/vertical/chart-chartjs.html]
[coderthemes.com/greeva/layouts/vertical/chart-knob.html]
[coderthemes.com/greeva/layouts/vertical/assets/js/pages/chartjs.init.js]
[coderthemes.com/greeva/layouts/vertical/assets/libs/jquery-sparkline/jquery.sparkline.min.js]
[coderthemes.com/greeva/layouts/vertical/chart-sparkline.html]
[coderthemes.com/greeva/layouts/vertical/form-elements.html]
[coderthemes.com/greeva/layouts/vertical/assets/js/pages/sparkline.init.js]
[coderthemes.com/greeva/layouts/vertical/assets/libs/select2/select2.min.css]
[coderthemes.com/greeva/layouts/vertical/assets/libs/bootstrap-tagsinput/bootstrap-tagsinput.css]
[coderthemes.com/greeva/layouts/vertical/assets/libs/switchery/switchery.min.css]
[coderthemes.com/greeva/layouts/vertical/assets/libs/bootstrap-select/bootstrap-select.min.css]
[coderthemes.com/greeva/layouts/vertical/assets/libs/bootstrap-timepicker/bootstrap-timepicker.min.css]
[coderthemes.com/greeva/layouts/vertical/assets/libs/bootstrap-colorpicker/bootstrap-colorpicker.min.css]
[coderthemes.com/greeva/layouts/vertical/assets/libs/bootstrap-datepicker/bootstrap-datepicker.min.css]
[coderthemes.com/greeva/layouts/vertical/assets/libs/bootstrap-daterangepicker/daterangepicker.css]
[coderthemes.com/greeva/layouts/vertical/assets/libs/select2/select2.min.js]
[coderthemes.com/greeva/layouts/vertical/assets/libs/bootstrap-tagsinput/bootstrap-tagsinput.min.js]
[coderthemes.com/greeva/layouts/vertical/assets/libs/switchery/switchery.min.js]
[coderthemes.com/greeva/layouts/vertical/assets/libs/bootstrap-maxlength/bootstrap-maxlength.min.js]
[coderthemes.com/greeva/layouts/vertical/assets/libs/jquery-mask-plugin/jquery.mask.min.js]
[coderthemes.com/greeva/layouts/vertical/assets/libs/bootstrap-select/bootstrap-select.min.js]
[coderthemes.com/greeva/layouts/vertical/assets/libs/bootstrap-timepicker/bootstrap-timepicker.min.js]
[coderthemes.com/greeva/layouts/vertical/assets/libs/bootstrap-colorpicker/bootstrap-colorpicker.min.js]
[coderthemes.com/greeva/layouts/vertical/assets/libs/bootstrap-datepicker/bootstrap-datepicker.min.js]
[coderthemes.com/greeva/layouts/vertical/assets/libs/bootstrap-daterangepicker/daterangepicker.js]
[coderthemes.com/greeva/layouts/vertical/form-advanced.html]
[coderthemes.com/greeva/layouts/vertical/assets/js/pages/form-advanced.init.js]
[coderthemes.com/greeva/layouts/vertical/assets/libs/parsleyjs/parsley.min.js]
[coderthemes.com/greeva/layouts/vertical/form-validation.html]
[coderthemes.com/greeva/layouts/vertical/assets/libs/jquery-steps/jquery.steps.min.js]
[coderthemes.com/greeva/layouts/vertical/form-wizard.html]
[coderthemes.com/greeva/layouts/vertical/assets/js/pages/form-wizard.init.js]
[coderthemes.com/greeva/layouts/vertical/form-summernote.html]
[coderthemes.com/greeva/layouts/vertical/assets/libs/dropzone/dropzone.min.css]
[coderthemes.com/greeva/layouts/vertical/form-upload.html]
[coderthemes.com/greeva/layouts/vertical/tables-basic.html]
[coderthemes.com/greeva/layouts/vertical/assets/libs/dropzone/dropzone.min.js]
[coderthemes.com/greeva/layouts/vertical/assets/libs/datatables/buttons.bootstrap4.min.css]
[coderthemes.com/greeva/layouts/vertical/assets/libs/datatables/select.bootstrap4.min.css]
[coderthemes.com/greeva/layouts/vertical/assets/libs/datatables/dataTables.buttons.min.js]
[coderthemes.com/greeva/layouts/vertical/assets/libs/datatables/buttons.bootstrap4.min.js]
[coderthemes.com/greeva/layouts/vertical/assets/libs/datatables/buttons.html5.min.js]
[coderthemes.com/greeva/layouts/vertical/assets/libs/datatables/buttons.flash.min.js]
[coderthemes.com/greeva/layouts/vertical/assets/libs/datatables/buttons.print.min.js]
[coderthemes.com/greeva/layouts/vertical/assets/libs/datatables/dataTables.keyTable.min.js]
[coderthemes.com/greeva/layouts/vertical/assets/libs/datatables/dataTables.select.min.js]
[coderthemes.com/greeva/layouts/vertical/tables-datatable.html]
[coderthemes.com/greeva/layouts/vertical/assets/js/pages/datatables.init.js]
[coderthemes.com/greeva/layouts/vertical/assets/libs/rwd-table/rwd-table.min.css]
[coderthemes.com/greeva/layouts/vertical/assets/libs/rwd-table/rwd-table.min.js]
[coderthemes.com/greeva/layouts/vertical/tables-responsive.html]
[coderthemes.com/greeva/layouts/vertical/assets/js/pages/responsive-table.init.js]
[coderthemes.com/greeva/layouts/vertical/assets/libs/gmaps/gmaps.min.js]
[coderthemes.com/greeva/layouts/vertical/maps-google.html]
[coderthemes.com/greeva/layouts/vertical/assets/js/pages/google-maps.init.js]
[coderthemes.com/greeva/layouts/vertical/assets/libs/jqvmap/jquery.vmap.world.js]
[coderthemes.com/greeva/layouts/vertical/assets/libs/jqvmap/jquery.vmap.iran.js]
[coderthemes.com/greeva/layouts/vertical/assets/libs/jqvmap/jquery.vmap.canada.js]
[coderthemes.com/greeva/layouts/vertical/assets/libs/jqvmap/jquery.vmap.germany.js]
[coderthemes.com/greeva/layouts/vertical/maps-vector.html]
[coderthemes.com/greeva/layouts/vertical/assets/js/pages/jqvector-maps.init.js]
[coderthemes.com/greeva/layouts/vertical/icons-materialdesign.html]
[coderthemes.com/greeva/layouts/vertical/icons-simpleline.html]
[coderthemes.com/greeva/layouts/vertical/icons-dripicons.html]
[coderthemes.com/greeva/layouts/vertical/layouts-small-sidebar.html]
[coderthemes.com/greeva/layouts/vertical/layouts-sidebar-collapsed.html]
[coderthemes.com/greeva/layouts/vertical/layouts-boxed.html]
[coderthemes.com/greeva/layouts/vertical/assets/images/logo-dark.png]
[coderthemes.com/greeva/layouts/vertical/auth-login.html]
[coderthemes.com/greeva/layouts/vertical/auth-register.html]
[coderthemes.com/greeva/layouts/vertical/auth-recoverpassword.html]
[coderthemes.com/greeva/layouts/vertical/auth-lock-screen.html]
[coderthemes.com/greeva/layouts/vertical/auth-404.html]
[coderthemes.com/greeva/layouts/vertical/auth-500.html]
[coderthemes.com/greeva/layouts/vertical/pages-invoice.html]
[coderthemes.com/greeva/layouts/vertical/pages-pricing.html]
[coderthemes.com/greeva/layouts/vertical/pages-starter.html]
[coderthemes.com/greeva/layouts/vertical/pages-timeline.html]
[coderthemes.com/greeva/layouts/vertical/pages-faq.html]
[coderthemes.com/greeva/layouts/vertical/assets/js/vendor.min.js]
[coderthemes.com/greeva/layouts/vertical/assets/libs/jquery-knob/jquery.knob.min.js]
[coderthemes.com/greeva/layouts/vertical/assets/libs/chart-js/Chart.bundle.min.js]
[coderthemes.com/greeva/layouts/vertical/assets/libs/jqvmap/jquery.vmap.min.js]
[coderthemes.com/greeva/layouts/vertical/assets/libs/jqvmap/jquery.vmap.usa.js]
[coderthemes.com/greeva/layouts/vertical/assets/libs/datatables/jquery.dataTables.min.js]
[coderthemes.com/greeva/layouts/vertical/assets/libs/datatables/dataTables.bootstrap4.min.js]
[coderthemes.com/greeva/layouts/vertical/assets/libs/datatables/dataTables.responsive.min.js]
[coderthemes.com/greeva/layouts/vertical/assets/libs/datatables/responsive.bootstrap4.min.js]
[coderthemes.com/greeva/layouts/vertical/assets/js/pages/dashboard.init.js]
[coderthemes.com/greeva/layouts/vertical/assets/js/app.min.js]
[coderthemes.com/greeva/layouts/vertical/assets/fonts/materialdesignicons-webfontbd7d.svg]
[coderthemes.com/greeva/layouts/vertical/assets/fonts/feathere8ab.svg]
[coderthemes.com/greeva/layouts/vertical/assets/fonts/Simple-Line-Iconsb26c.svg]
[coderthemes.com/greeva/layouts/vertical/assets/fonts/fa-brands-400.svg]
[coderthemes.com/greeva/layouts/vertical/assets/fonts/fa-regular-400.svg]
[coderthemes.com/greeva/layouts/vertical/assets/fonts/fa-solid-900.svg]
[coderthemes.com/greeva/layouts/vertical/assets/fonts/line-awesomeeb4f.svg]
[coderthemes.com/greeva/layouts/vertical/assets/fonts/dripicons-v2.svg]
[coderthemes.com/greeva/layouts/vertical/assets/libs/summernote/summernote-bs4.css]
[coderthemes.com/greeva/layouts/vertical/assets/libs/summernote/summernote-bs4.min.js]
[coderthemes.com/greeva/layouts/vertical/assets/libs/fullcalendar/fullcalendar.min.css]
[coderthemes.com/greeva/layouts/vertical/assets/libs/moment/moment.min.js]
[coderthemes.com/greeva/layouts/vertical/assets/libs/jquery-ui/jquery-ui.min.js]
[coderthemes.com/greeva/layouts/vertical/assets/libs/fullcalendar/fullcalendar.min.js]
[coderthemes.com/greeva/layouts/vertical/assets/js/pages/calendar.init.js]
[coderthemes.com/greeva/layouts/vertical/assets/libs/custombox/custombox.min.css]
[coderthemes.com/greeva/layouts/vertical/assets/libs/custombox/custombox.min.js]
[coderthemes.com/greeva/layouts/vertical/assets/libs/jquery-toast/jquery.toast.min.css]
[coderthemes.com/greeva/layouts/vertical/assets/libs/jquery-toast/jquery.toast.min.js]
[coderthemes.com/greeva/layouts/vertical/assets/js/pages/toastr.init.js]
[coderthemes.com/greeva/layouts/vertical/assets/libs/sweetalert2/sweetalert2.min.css]
[coderthemes.com/greeva/layouts/vertical/assets/libs/sweetalert2/sweetalert2.min.js]
[coderthemes.com/greeva/layouts/vertical/assets/js/pages/sweet-alerts.init.js]
[coderthemes.com/greeva/layouts/vertical/assets/libs/ion-rangeslider/ion.rangeSlider.css]
[coderthemes.com/greeva/layouts/vertical/assets/libs/ion-rangeslider/ion.rangeSlider.min.js]
[coderthemes.com/greeva/layouts/vertical/assets/js/pages/range-sliders.init.js]
[coderthemes.com/greeva/layouts/vertical/assets/libs/flot-charts/jquery.flot.js]
[coderthemes.com/greeva/layouts/vertical/assets/libs/flot-charts/jquery.flot.time.js]
[coderthemes.com/greeva/layouts/vertical/assets/libs/flot-charts/jquery.flot.tooltip.min.js]
[coderthemes.com/greeva/layouts/vertical/assets/libs/flot-charts/jquery.flot.resize.js]
[coderthemes.com/greeva/layouts/vertical/assets/libs/flot-charts/jquery.flot.pie.js]
[coderthemes.com/greeva/layouts/vertical/assets/libs/flot-charts/jquery.flot.selection.js]
[coderthemes.com/greeva/layouts/vertical/assets/libs/flot-charts/jquery.flot.stack.js]
[coderthemes.com/greeva/layouts/vertical/assets/libs/flot-charts/jquery.flot.orderBars.js]
[coderthemes.com/greeva/layouts/vertical/assets/libs/flot-charts/jquery.flot.crosshair.js]
[coderthemes.com/greeva/layouts/vertical/assets/js/pages/flot.init.js]
[coderthemes.com/greeva/layouts/vertical/assets/libs/chartist/chartist.min.css]
[coderthemes.com/greeva/layouts/vertical/assets/libs/chartist/chartist.min.js]
[coderthemes.com/greeva/layouts/vertical/assets/libs/chartist/chartist-plugin-tooltip.min.js]
[coderthemes.com/greeva/layouts/vertical/assets/js/pages/chartist.init.js]
[coderthemes.com/greeva/layouts/vertical/assets/js/pages/chartjs.init.js]
[coderthemes.com/greeva/layouts/vertical/assets/libs/jquery-sparkline/jquery.sparkline.min.js]
[coderthemes.com/greeva/layouts/vertical/assets/js/pages/sparkline.init.js]
[coderthemes.com/greeva/layouts/vertical/assets/libs/select2/select2.min.css]
[coderthemes.com/greeva/layouts/vertical/assets/libs/bootstrap-tagsinput/bootstrap-tagsinput.css]
[coderthemes.com/greeva/layouts/vertical/assets/libs/switchery/switchery.min.css]
[coderthemes.com/greeva/layouts/vertical/assets/libs/bootstrap-select/bootstrap-select.min.css]
[coderthemes.com/greeva/layouts/vertical/assets/libs/bootstrap-timepicker/bootstrap-timepicker.min.css]
[coderthemes.com/greeva/layouts/vertical/assets/libs/bootstrap-colorpicker/bootstrap-colorpicker.min.css]
[coderthemes.com/greeva/layouts/vertical/assets/libs/bootstrap-datepicker/bootstrap-datepicker.min.css]
[coderthemes.com/greeva/layouts/vertical/assets/libs/bootstrap-daterangepicker/daterangepicker.css]
[coderthemes.com/greeva/layouts/vertical/assets/libs/select2/select2.min.js]
[coderthemes.com/greeva/layouts/vertical/assets/libs/bootstrap-tagsinput/bootstrap-tagsinput.min.js]
[coderthemes.com/greeva/layouts/vertical/assets/libs/switchery/switchery.min.js]
[coderthemes.com/greeva/layouts/vertical/assets/libs/bootstrap-maxlength/bootstrap-maxlength.min.js]
[coderthemes.com/greeva/layouts/vertical/assets/libs/jquery-mask-plugin/jquery.mask.min.js]
[coderthemes.com/greeva/layouts/vertical/assets/libs/bootstrap-select/bootstrap-select.min.js]
[coderthemes.com/greeva/layouts/vertical/assets/libs/bootstrap-timepicker/bootstrap-timepicker.min.js]
[coderthemes.com/greeva/layouts/vertical/assets/libs/bootstrap-colorpicker/bootstrap-colorpicker.min.js]
[coderthemes.com/greeva/layouts/vertical/assets/libs/bootstrap-datepicker/bootstrap-datepicker.min.js]
[coderthemes.com/greeva/layouts/vertical/assets/libs/bootstrap-daterangepicker/daterangepicker.js]
[coderthemes.com/greeva/layouts/vertical/assets/js/pages/form-advanced.init.js]
[coderthemes.com/greeva/layouts/vertical/assets/libs/parsleyjs/parsley.min.js]
[coderthemes.com/greeva/layouts/vertical/assets/js/pages/form-validation.init.js]
[coderthemes.com/greeva/layouts/vertical/assets/libs/jquery-steps/jquery.steps.min.js]
[coderthemes.com/greeva/layouts/vertical/assets/js/pages/form-wizard.init.js]
[coderthemes.com/greeva/layouts/vertical/assets/js/pages/form-summernote.init.js]
[coderthemes.com/greeva/layouts/vertical/assets/libs/dropzone/dropzone.min.css]
[coderthemes.com/greeva/layouts/vertical/assets/libs/dropzone/dropzone.min.js]
[coderthemes.com/greeva/layouts/vertical/assets/libs/datatables/buttons.bootstrap4.min.css]
[coderthemes.com/greeva/layouts/vertical/assets/libs/datatables/select.bootstrap4.min.css]
[coderthemes.com/greeva/layouts/vertical/assets/libs/datatables/dataTables.buttons.min.js]
[coderthemes.com/greeva/layouts/vertical/assets/libs/datatables/buttons.bootstrap4.min.js]
[coderthemes.com/greeva/layouts/vertical/assets/libs/datatables/buttons.html5.min.js]
[coderthemes.com/greeva/layouts/vertical/assets/libs/datatables/buttons.flash.min.js]
[coderthemes.com/greeva/layouts/vertical/assets/libs/datatables/buttons.print.min.js]
[coderthemes.com/greeva/layouts/vertical/assets/libs/datatables/dataTables.keyTable.min.js]
[coderthemes.com/greeva/layouts/vertical/assets/libs/datatables/dataTables.select.min.js]
[coderthemes.com/greeva/layouts/vertical/assets/js/pages/datatables.init.js]
[coderthemes.com/greeva/layouts/vertical/assets/libs/rwd-table/rwd-table.min.css]
[coderthemes.com/greeva/layouts/vertical/assets/libs/rwd-table/rwd-table.min.js]
[coderthemes.com/greeva/layouts/vertical/assets/js/pages/responsive-table.init.js]
[coderthemes.com/greeva/layouts/vertical/assets/libs/gmaps/gmaps.min.js]
[coderthemes.com/greeva/layouts/vertical/assets/js/pages/google-maps.init.js]
[coderthemes.com/greeva/layouts/vertical/assets/libs/jqvmap/jquery.vmap.world.js]
[coderthemes.com/greeva/layouts/vertical/assets/libs/jqvmap/jquery.vmap.iran.js]
[coderthemes.com/greeva/layouts/vertical/assets/libs/jqvmap/jquery.vmap.canada.js]
[coderthemes.com/greeva/layouts/vertical/assets/libs/jqvmap/jquery.vmap.germany.js]
[coderthemes.com/greeva/layouts/vertical/assets/js/pages/jqvector-maps.init.js]
[coderthemes.com/greeva/layouts/vertical/assets/libs/summernote/font/summernotec360.html]
[coderthemes.com/greeva/layouts/vertical/assets/libs/summernote/font/summernotec360-2.html]
[coderthemes.com/greeva/layouts/vertical/assets/libs/summernote/font/summernotec360-3.html]
[coderthemes.com/greeva/layouts/vertical/image/index.html]
[coderthemes.com/greeva/layouts/vertical/Trident/index.html]
[coderthemes.com/greeva/layouts/vertical/Edge/index.html]
[coderthemes.com/greeva/layouts/vertical/GET.html]
[coderthemes.com/greeva/layouts/vertical/xl/worksheets/sheet1.html]
[coderthemes.com/greeva/layouts/vertical/xl/workbook.html]
[coderthemes.com/greeva/layouts/vertical/xl/styles.html]
[coderthemes.com/greeva/layouts/vertical/[Content_Types].html]
[coderthemes.com/greeva/layouts/vertical/buttons.html]
